<?xml version="1.0" encoding="UTF-8"?>
<!-- Generated by org.testng.reporters.JUnitXMLReporter -->
<testsuite ignored="0" hostname="DESKTOP-S42T9A0" failures="0" tests="2" name="BankingApp Test" time="24.412" errors="0" timestamp="03 Aug 2019 19:08:59 GMT">
  <testcase classname="com.inetbanking.testCases.TC_LoginTest_001" name="loginTest" time="2.598"/>
  <testcase classname="com.inetbanking.testCases.TC_AddCustomerTest_003" name="addNewCustomer" time="13.4"/>
</testsuite> <!-- BankingApp Test -->
