<?xml version="1.0" encoding="UTF-8"?>
<testng-results ignored="0" total="2" passed="2" failed="0" skipped="0">
  <reporter-output>
  </reporter-output>
  <suite started-at="2019-08-03T19:08:35Z" name="InetBankingV1" finished-at="2019-08-03T19:08:59Z" duration-ms="24412">
    <groups>
    </groups>
    <test started-at="2019-08-03T19:08:35Z" name="BankingApp Test" finished-at="2019-08-03T19:08:59Z" duration-ms="24412">
      <class name="com.inetbanking.testCases.TC_LoginTest_001">
        <test-method is-config="true" signature="setup(java.lang.String)[pri:0, instance:com.inetbanking.testCases.TC_LoginTest_001@6dde5c8c]" started-at="2019-08-03T19:08:35Z" name="setup" finished-at="2019-08-03T19:08:39Z" duration-ms="3538" status="PASS">
          <params>
            <param index="0">
              <value>
                <![CDATA[chrome]]>
              </value>
            </param>
          </params>
          <reporter-output>
          </reporter-output>
        </test-method> <!-- setup -->
        <test-method signature="loginTest()[pri:0, instance:com.inetbanking.testCases.TC_LoginTest_001@6dde5c8c]" started-at="2019-08-03T19:08:39Z" name="loginTest" finished-at="2019-08-03T19:08:41Z" duration-ms="2598" status="PASS">
          <reporter-output>
          </reporter-output>
        </test-method> <!-- loginTest -->
        <test-method is-config="true" signature="tearDown()[pri:0, instance:com.inetbanking.testCases.TC_LoginTest_001@6dde5c8c]" started-at="2019-08-03T19:08:41Z" name="tearDown" finished-at="2019-08-03T19:08:42Z" duration-ms="764" status="PASS">
          <reporter-output>
          </reporter-output>
        </test-method> <!-- tearDown -->
      </class> <!-- com.inetbanking.testCases.TC_LoginTest_001 -->
      <class name="com.inetbanking.testCases.TC_AddCustomerTest_003">
        <test-method is-config="true" signature="setup(java.lang.String)[pri:0, instance:com.inetbanking.testCases.TC_AddCustomerTest_003@5123a213]" started-at="2019-08-03T19:08:42Z" name="setup" finished-at="2019-08-03T19:08:45Z" duration-ms="3212" status="PASS">
          <params>
            <param index="0">
              <value>
                <![CDATA[chrome]]>
              </value>
            </param>
          </params>
          <reporter-output>
          </reporter-output>
        </test-method> <!-- setup -->
        <test-method signature="addNewCustomer()[pri:0, instance:com.inetbanking.testCases.TC_AddCustomerTest_003@5123a213]" started-at="2019-08-03T19:08:45Z" name="addNewCustomer" finished-at="2019-08-03T19:08:59Z" duration-ms="13400" status="PASS">
          <reporter-output>
          </reporter-output>
        </test-method> <!-- addNewCustomer -->
        <test-method is-config="true" signature="tearDown()[pri:0, instance:com.inetbanking.testCases.TC_AddCustomerTest_003@5123a213]" started-at="2019-08-03T19:08:59Z" name="tearDown" finished-at="2019-08-03T19:08:59Z" duration-ms="752" status="PASS">
          <reporter-output>
          </reporter-output>
        </test-method> <!-- tearDown -->
      </class> <!-- com.inetbanking.testCases.TC_AddCustomerTest_003 -->
    </test> <!-- BankingApp Test -->
  </suite> <!-- InetBankingV1 -->
</testng-results>
